About, /about/index.html 
Membership, /membership_services/index.html 
Communities, /societies_communities/index.html 
Conferences, /conferences_events/index.html 
Publications, /publications_standards/index.html 
Standards, /standards/index.html 
Education, /education_careers/index.html 
Mission and vision, http://www.ieee.org/about/vision_mission.html?utm_source=mm_link&utm_campaign=mav&utm_medium=ab&utm_term=mission%20vision 
IEEE Strategic Plan, http://www.ieee.org/about/ieee_strategic_plan.html?utm_source=mm_link&utm_campaign=isp&utm_medium=ab&utm_term=strategic%20plan 
Organization of IEEE, /about/organizations/index.html 
Code of Conduct, http://www.ieee.org/about/ieee_code_of_conduct.pdf?utm_source=mm_link&utm_campaign=coc&utm_medium=ab&utm_term=code%20of%20conduct 
History of IEEE, http://www.ieee.org/about/ieee_history.html?utm_source=mm_link&utm_campaign=hoi&utm_medium=ab&utm_term=history 
Newsroom, http://www.ieee.org/about/news/index.html?utm_source=mm_link&utm_campaign=new&utm_medium=ab&utm_term=news 
Annual Report, http://annualreport.ieee.org/?utm_source=mm_link&utm_campaign=ar&utm_medium=ab&utm_term=annual%20report 
Financials and statistics, http://www.ieee.org/about/financials.html?utm_source=mm_link&utm_campaign=fas&utm_medium=ab&utm_term=financials%20statistics 
Volunteer resources, http://www.ieee.org/about/volunteers/volunteer_index.html?utm_source=mm_link&utm_campaign=vr&utm_medium=ab&utm_term=volunteer%20resources 
IEEE Future Directions, http://www.ieee.org/about/technologies/index.html?utm_source=mm_link&utm_campaign=ief&utm_medium=ab&utm_term=future%20directions 
IEEE at a glance, http://www.ieee.org/about/today/at_a_glance.html?utm_source=mm_link&utm_campaign=iaa&utm_medium=ab&utm_term=at%20a%20glance 
Jobs at IEEE, https://ieee.taleo.net/careersection/1/jobsearch.ftl 
Join IEEE, http://www.ieee.org/membership_services/membership/join/index.html?utm_source=mm_link&utm_campaign=join&utm_medium=ms&utm_term=join%20ieee
 
Renew IEEE membership, http://www.ieee.org/membership_services/membership/renew/index.html?utm_source=mm_link&utm_campaign=rym&utm_medium=ms&utm_term=renew
 
Member benefits, http://www.ieee.org/membership_services/membership/benefits/index.html?utm_source=mm_link&utm_campaign=ram&utm_medium=ms&utm_term=renew&utm_content=member%20benefits 
IEEE Contact Center, /about/contact_center/index.html?utm_source=mm_link&utm_campaign=ram&utm_medium=ms&utm_term=contact 
Connect locally, /societies_communities/geo_activities/56707_Member_and_Geographic_Activities.html?utm_source=mm_link&utm_campaign=mga&utm_medium=ms&utm_term=geo%20activities 
